{"E:\\Jerem\\13-Dev\\formControl\\src\\scripts\\utilities\\defaultTypes.js": {"path":"E:\\Jerem\\13-Dev\\formControl\\src\\scripts\\utilities\\defaultTypes.js","statementMap":{"0":{"start":{"line":1,"column":31},"end":{"line":22,"column":1}},"1":{"start":{"line":24,"column":30},"end":{"line":37,"column":1}},"2":{"start":{"line":39,"column":25},"end":{"line":39,"column":67}},"3":{"start":{"line":40,"column":28},"end":{"line":40,"column":40}},"4":{"start":{"line":41,"column":30},"end":{"line":41,"column":44}},"5":{"start":{"line":42,"column":32},"end":{"line":42,"column":48}},"6":{"start":{"line":43,"column":40},"end":{"line":43,"column":64}},"7":{"start":{"line":44,"column":28},"end":{"line":44,"column":44}},"8":{"start":{"line":45,"column":35},"end":{"line":45,"column":49}},"9":{"start":{"line":47,"column":31},"end":{"line":47,"column":59}},"10":{"start":{"line":48,"column":32},"end":{"line":48,"column":56}},"11":{"start":{"line":49,"column":36},"end":{"line":49,"column":47}},"12":{"start":{"line":50,"column":42},"end":{"line":50,"column":58}},"13":{"start":{"line":53,"column":2},"end":{"line":58,"column":3}},"14":{"start":{"line":62,"column":2},"end":{"line":78,"column":3}}},"fnMap":{"0":{"name":"defaultDataAttr","decl":{"start":{"line":52,"column":16},"end":{"line":52,"column":31}},"loc":{"start":{"line":52,"column":35},"end":{"line":59,"column":1}},"line":52},"1":{"name":"defaultState","decl":{"start":{"line":61,"column":24},"end":{"line":61,"column":36}},"loc":{"start":{"line":61,"column":40},"end":{"line":79,"column":1}},"line":61}},"branchMap":{},"s":{"0":1,"1":1,"2":1,"3":1,"4":1,"5":1,"6":1,"7":1,"8":1,"9":1,"10":1,"11":1,"12":1,"13":0,"14":0},"f":{"0":0,"1":0},"b":{},"_coverageSchema":"43e27e138ebf9cfc5966b082cf9a028302ed4184","hash":"82f607b664d87187ac9a211c0e7d9b7ba9a1ccec"}
,"E:\\Jerem\\13-Dev\\formControl\\src\\scripts\\validators\\validators.js": {"path":"E:\\Jerem\\13-Dev\\formControl\\src\\scripts\\validators\\validators.js","statementMap":{"0":{"start":{"line":5,"column":2},"end":{"line":5,"column":95}},"1":{"start":{"line":9,"column":16},"end":{"line":9,"column":40}},"2":{"start":{"line":11,"column":2},"end":{"line":11,"column":55}},"3":{"start":{"line":11,"column":43},"end":{"line":11,"column":55}},"4":{"start":{"line":13,"column":12},"end":{"line":13,"column":13}},"5":{"start":{"line":14,"column":12},"end":{"line":14,"column":13}},"6":{"start":{"line":16,"column":2},"end":{"line":25,"column":3}},"7":{"start":{"line":16,"column":15},"end":{"line":16,"column":16}},"8":{"start":{"line":17,"column":4},"end":{"line":22,"column":5}},"9":{"start":{"line":18,"column":6},"end":{"line":18,"column":38}},"10":{"start":{"line":19,"column":6},"end":{"line":19,"column":35}},"11":{"start":{"line":21,"column":6},"end":{"line":21,"column":34}},"12":{"start":{"line":24,"column":4},"end":{"line":24,"column":14}},"13":{"start":{"line":27,"column":2},"end":{"line":27,"column":25}},"14":{"start":{"line":31,"column":2},"end":{"line":31,"column":48}},"15":{"start":{"line":31,"column":36},"end":{"line":31,"column":48}},"16":{"start":{"line":32,"column":2},"end":{"line":32,"column":25}},"17":{"start":{"line":36,"column":2},"end":{"line":36,"column":29}},"18":{"start":{"line":40,"column":2},"end":{"line":40,"column":34}},"19":{"start":{"line":44,"column":2},"end":{"line":44,"column":34}},"20":{"start":{"line":48,"column":2},"end":{"line":48,"column":20}},"21":{"start":{"line":52,"column":2},"end":{"line":52,"column":21}},"22":{"start":{"line":56,"column":2},"end":{"line":56,"column":44}},"23":{"start":{"line":60,"column":2},"end":{"line":60,"column":32}},"24":{"start":{"line":64,"column":17},"end":{"line":64,"column":62}},"25":{"start":{"line":65,"column":2},"end":{"line":65,"column":58}},"26":{"start":{"line":69,"column":2},"end":{"line":69,"column":27}},"27":{"start":{"line":73,"column":2},"end":{"line":73,"column":49}},"28":{"start":{"line":77,"column":2},"end":{"line":77,"column":27}},"29":{"start":{"line":81,"column":2},"end":{"line":81,"column":27}},"30":{"start":{"line":85,"column":2},"end":{"line":85,"column":27}},"31":{"start":{"line":89,"column":2},"end":{"line":89,"column":27}},"32":{"start":{"line":93,"column":2},"end":{"line":93,"column":22}},"33":{"start":{"line":97,"column":2},"end":{"line":101,"column":3}},"34":{"start":{"line":97,"column":15},"end":{"line":97,"column":16}},"35":{"start":{"line":98,"column":4},"end":{"line":100,"column":5}},"36":{"start":{"line":99,"column":6},"end":{"line":99,"column":17}},"37":{"start":{"line":102,"column":2},"end":{"line":102,"column":14}}},"fnMap":{"0":{"name":"fileHasExtension","decl":{"start":{"line":4,"column":16},"end":{"line":4,"column":32}},"loc":{"start":{"line":4,"column":51},"end":{"line":6,"column":1}},"line":4},"1":{"name":"isSiret","decl":{"start":{"line":8,"column":16},"end":{"line":8,"column":23}},"loc":{"start":{"line":8,"column":31},"end":{"line":28,"column":1}},"line":8},"2":{"name":"isRequired","decl":{"start":{"line":30,"column":16},"end":{"line":30,"column":26}},"loc":{"start":{"line":30,"column":34},"end":{"line":33,"column":1}},"line":30},"3":{"name":"isLen","decl":{"start":{"line":35,"column":16},"end":{"line":35,"column":21}},"loc":{"start":{"line":35,"column":34},"end":{"line":37,"column":1}},"line":35},"4":{"name":"minLen","decl":{"start":{"line":39,"column":16},"end":{"line":39,"column":22}},"loc":{"start":{"line":39,"column":41},"end":{"line":41,"column":1}},"line":39},"5":{"name":"maxLen","decl":{"start":{"line":43,"column":16},"end":{"line":43,"column":22}},"loc":{"start":{"line":43,"column":41},"end":{"line":45,"column":1}},"line":43},"6":{"name":"min","decl":{"start":{"line":47,"column":16},"end":{"line":47,"column":19}},"loc":{"start":{"line":47,"column":32},"end":{"line":49,"column":1}},"line":47},"7":{"name":"max","decl":{"start":{"line":51,"column":16},"end":{"line":51,"column":19}},"loc":{"start":{"line":51,"column":32},"end":{"line":53,"column":1}},"line":51},"8":{"name":"isNumeric","decl":{"start":{"line":55,"column":16},"end":{"line":55,"column":25}},"loc":{"start":{"line":55,"column":68},"end":{"line":57,"column":1}},"line":55},"9":{"name":"isInteger","decl":{"start":{"line":59,"column":16},"end":{"line":59,"column":25}},"loc":{"start":{"line":59,"column":33},"end":{"line":61,"column":1}},"line":59},"10":{"name":"isEqual","decl":{"start":{"line":63,"column":16},"end":{"line":63,"column":23}},"loc":{"start":{"line":63,"column":40},"end":{"line":66,"column":1}},"line":63},"11":{"name":"isEmail","decl":{"start":{"line":68,"column":16},"end":{"line":68,"column":23}},"loc":{"start":{"line":68,"column":64},"end":{"line":70,"column":1}},"line":68},"12":{"name":"isPassword","decl":{"start":{"line":72,"column":16},"end":{"line":72,"column":26}},"loc":{"start":{"line":72,"column":70},"end":{"line":74,"column":1}},"line":72},"13":{"name":"isPhone","decl":{"start":{"line":76,"column":16},"end":{"line":76,"column":23}},"loc":{"start":{"line":76,"column":64},"end":{"line":78,"column":1}},"line":76},"14":{"name":"isIban","decl":{"start":{"line":80,"column":16},"end":{"line":80,"column":22}},"loc":{"start":{"line":80,"column":62},"end":{"line":82,"column":1}},"line":80},"15":{"name":"isBic","decl":{"start":{"line":84,"column":16},"end":{"line":84,"column":21}},"loc":{"start":{"line":84,"column":60},"end":{"line":86,"column":1}},"line":84},"16":{"name":"isUrl","decl":{"start":{"line":88,"column":16},"end":{"line":88,"column":21}},"loc":{"start":{"line":88,"column":60},"end":{"line":90,"column":1}},"line":88},"17":{"name":"isChecked","decl":{"start":{"line":92,"column":16},"end":{"line":92,"column":25}},"loc":{"start":{"line":92,"column":33},"end":{"line":94,"column":1}},"line":92},"18":{"name":"radioIsChecked","decl":{"start":{"line":96,"column":16},"end":{"line":96,"column":30}},"loc":{"start":{"line":96,"column":38},"end":{"line":103,"column":1}},"line":96}},"branchMap":{"0":{"loc":{"start":{"line":11,"column":2},"end":{"line":11,"column":55}},"type":"if","locations":[{"start":{"line":11,"column":2},"end":{"line":11,"column":55}},{"start":{"line":11,"column":2},"end":{"line":11,"column":55}}],"line":11},"1":{"loc":{"start":{"line":11,"column":6},"end":{"line":11,"column":41}},"type":"binary-expr","locations":[{"start":{"line":11,"column":6},"end":{"line":11,"column":25}},{"start":{"line":11,"column":29},"end":{"line":11,"column":41}}],"line":11},"2":{"loc":{"start":{"line":17,"column":4},"end":{"line":22,"column":5}},"type":"if","locations":[{"start":{"line":17,"column":4},"end":{"line":22,"column":5}},{"start":{"line":17,"column":4},"end":{"line":22,"column":5}}],"line":17},"3":{"loc":{"start":{"line":19,"column":12},"end":{"line":19,"column":35}},"type":"cond-expr","locations":[{"start":{"line":19,"column":22},"end":{"line":19,"column":29}},{"start":{"line":19,"column":32},"end":{"line":19,"column":35}}],"line":19},"4":{"loc":{"start":{"line":31,"column":2},"end":{"line":31,"column":48}},"type":"if","locations":[{"start":{"line":31,"column":2},"end":{"line":31,"column":48}},{"start":{"line":31,"column":2},"end":{"line":31,"column":48}}],"line":31},"5":{"loc":{"start":{"line":31,"column":16},"end":{"line":31,"column":33}},"type":"binary-expr","locations":[{"start":{"line":31,"column":16},"end":{"line":31,"column":20}},{"start":{"line":31,"column":24},"end":{"line":31,"column":33}}],"line":31},"6":{"loc":{"start":{"line":55,"column":33},"end":{"line":55,"column":66}},"type":"default-arg","locations":[{"start":{"line":55,"column":42},"end":{"line":55,"column":66}}],"line":55},"7":{"loc":{"start":{"line":56,"column":9},"end":{"line":56,"column":44}},"type":"binary-expr","locations":[{"start":{"line":56,"column":9},"end":{"line":56,"column":22}},{"start":{"line":56,"column":26},"end":{"line":56,"column":44}}],"line":56},"8":{"loc":{"start":{"line":65,"column":9},"end":{"line":65,"column":58}},"type":"binary-expr","locations":[{"start":{"line":65,"column":9},"end":{"line":65,"column":31}},{"start":{"line":65,"column":35},"end":{"line":65,"column":58}}],"line":65},"9":{"loc":{"start":{"line":68,"column":31},"end":{"line":68,"column":62}},"type":"default-arg","locations":[{"start":{"line":68,"column":40},"end":{"line":68,"column":62}}],"line":68},"10":{"loc":{"start":{"line":72,"column":34},"end":{"line":72,"column":68}},"type":"default-arg","locations":[{"start":{"line":72,"column":43},"end":{"line":72,"column":68}}],"line":72},"11":{"loc":{"start":{"line":73,"column":10},"end":{"line":73,"column":48}},"type":"binary-expr","locations":[{"start":{"line":73,"column":10},"end":{"line":73,"column":26}},{"start":{"line":73,"column":30},"end":{"line":73,"column":48}}],"line":73},"12":{"loc":{"start":{"line":76,"column":31},"end":{"line":76,"column":62}},"type":"default-arg","locations":[{"start":{"line":76,"column":40},"end":{"line":76,"column":62}}],"line":76},"13":{"loc":{"start":{"line":80,"column":30},"end":{"line":80,"column":60}},"type":"default-arg","locations":[{"start":{"line":80,"column":39},"end":{"line":80,"column":60}}],"line":80},"14":{"loc":{"start":{"line":84,"column":29},"end":{"line":84,"column":58}},"type":"default-arg","locations":[{"start":{"line":84,"column":38},"end":{"line":84,"column":58}}],"line":84},"15":{"loc":{"start":{"line":88,"column":29},"end":{"line":88,"column":58}},"type":"default-arg","locations":[{"start":{"line":88,"column":38},"end":{"line":88,"column":58}}],"line":88},"16":{"loc":{"start":{"line":98,"column":4},"end":{"line":100,"column":5}},"type":"if","locations":[{"start":{"line":98,"column":4},"end":{"line":100,"column":5}},{"start":{"line":98,"column":4},"end":{"line":100,"column":5}}],"line":98}},"s":{"0":0,"1":0,"2":0,"3":0,"4":0,"5":0,"6":0,"7":0,"8":0,"9":0,"10":0,"11":0,"12":0,"13":0,"14":2,"15":1,"16":1,"17":2,"18":3,"19":3,"20":0,"21":0,"22":2,"23":0,"24":0,"25":0,"26":2,"27":2,"28":2,"29":2,"30":2,"31":2,"32":7,"33":2,"34":2,"35":5,"36":1,"37":1},"f":{"0":0,"1":0,"2":2,"3":2,"4":3,"5":3,"6":0,"7":0,"8":2,"9":0,"10":0,"11":2,"12":2,"13":2,"14":2,"15":2,"16":2,"17":7,"18":2},"b":{"0":[0,0],"1":[0,0],"2":[0,0],"3":[0,0],"4":[1,1],"5":[2,2],"6":[2],"7":[2,1],"8":[0,0],"9":[2],"10":[2],"11":[2,2],"12":[2],"13":[2],"14":[2],"15":[2],"16":[1,4]},"_coverageSchema":"43e27e138ebf9cfc5966b082cf9a028302ed4184","hash":"b1a015757ab7ee28f52d496389813e51cb7a27e3"}
}
