TN:
SF:E:\Jerem\13-Dev\formControl\src\scripts\utilities\defaultTypes.js
FN:52,defaultDataAttr
FN:61,defaultState
FNF:2
FNH:0
FNDA:0,defaultDataAttr
FNDA:0,defaultState
DA:1,1
DA:24,1
DA:39,1
DA:40,1
DA:41,1
DA:42,1
DA:43,1
DA:44,1
DA:45,1
DA:47,1
DA:48,1
DA:49,1
DA:50,1
DA:53,0
DA:62,0
LF:15
LH:13
BRF:0
BRH:0
end_of_record
TN:
SF:E:\Jerem\13-Dev\formControl\src\scripts\validators\validators.js
FN:4,fileHasExtension
FN:8,isSiret
FN:30,isRequired
FN:35,isLen
FN:39,minLen
FN:43,maxLen
FN:47,min
FN:51,max
FN:55,isNumeric
FN:59,isInteger
FN:63,isEqual
FN:68,isEmail
FN:72,isPassword
FN:76,isPhone
FN:80,isIban
FN:84,isBic
FN:88,isUrl
FN:92,isChecked
FN:96,radioIsChecked
FNF:19
FNH:13
FNDA:0,fileHasExtension
FNDA:0,isSiret
FNDA:2,isRequired
FNDA:2,isLen
FNDA:3,minLen
FNDA:3,maxLen
FNDA:0,min
FNDA:0,max
FNDA:2,isNumeric
FNDA:0,isInteger
FNDA:0,isEqual
FNDA:2,isEmail
FNDA:2,isPassword
FNDA:2,isPhone
FNDA:2,isIban
FNDA:2,isBic
FNDA:2,isUrl
FNDA:7,isChecked
FNDA:2,radioIsChecked
DA:5,0
DA:9,0
DA:11,0
DA:13,0
DA:14,0
DA:16,0
DA:17,0
DA:18,0
DA:19,0
DA:21,0
DA:24,0
DA:27,0
DA:31,2
DA:32,1
DA:36,2
DA:40,3
DA:44,3
DA:48,0
DA:52,0
DA:56,2
DA:60,0
DA:64,0
DA:65,0
DA:69,2
DA:73,2
DA:77,2
DA:81,2
DA:85,2
DA:89,2
DA:93,7
DA:97,2
DA:98,5
DA:99,1
DA:102,1
LF:34
LH:17
BRDA:11,0,0,0
BRDA:11,0,1,0
BRDA:11,1,0,0
BRDA:11,1,1,0
BRDA:17,2,0,0
BRDA:17,2,1,0
BRDA:19,3,0,0
BRDA:19,3,1,0
BRDA:31,4,0,1
BRDA:31,4,1,1
BRDA:31,5,0,2
BRDA:31,5,1,2
BRDA:55,6,0,2
BRDA:56,7,0,2
BRDA:56,7,1,1
BRDA:65,8,0,0
BRDA:65,8,1,0
BRDA:68,9,0,2
BRDA:72,10,0,2
BRDA:73,11,0,2
BRDA:73,11,1,2
BRDA:76,12,0,2
BRDA:80,13,0,2
BRDA:84,14,0,2
BRDA:88,15,0,2
BRDA:98,16,0,1
BRDA:98,16,1,4
BRF:27
BRH:17
end_of_record
